C51 COMPILER V9.60.7.0   MAIN                                                              10/26/2025 14:55:56 PAGE 1   


C51 COMPILER V9.60.7.0, COMPILATION OF MODULE MAIN
OBJECT MODULE PLACED IN .\Objects\main.obj
COMPILER INVOKED BY: E:\Keil\Keil_v5\C51\BIN\C51.EXE main.c OPTIMIZE(8,SPEED) BROWSE DEBUG OBJECTEXTEND PRINT(.\Listings
                    -\main.lst) OBJECT(.\Objects\main.obj)

line level    source

   1          #include <REGX52.H>
   2          
   3          //----------------------数码管段码表----------------------
   4          unsigned char NixieTable[] = {0x3F,0x06,0x5B,0x4F,
   5                                        0x66,0x6D,0x7D,0x07,
   6                                        0x7F,0x6F};  // 0~9
   7          
   8          unsigned long fre = 0;      // 存储测得频率
   9          unsigned char time = 0;     // 定时器2计时标志
  10          unsigned int count = 0;     // Timer0 溢出计数
  11          
  12          //----------------------延时子函数----------------------
  13          void Delay(unsigned int xms)
  14          {
  15   1          unsigned char i, j;
  16   1          while(xms--)
  17   1          {
  18   2              i = 2;
  19   2              j = 239;
  20   2              do
  21   2              {
  22   3                  while (--j);
  23   3              } while (--i);
  24   2          }
  25   1      }
  26          
  27          //----------------------数码管显示----------------------
  28          void Nixie(unsigned char Location, unsigned char Number)
  29          {
  30   1          // 位码输出（共阴极）
  31   1          switch(Location)
  32   1          {
  33   2              case 1: P1_4=0; P1_5=1; P1_6=1; P1_7=1; break;
  34   2              case 2: P1_4=1; P1_5=0; P1_6=1; P1_7=1; break;
  35   2              case 3: P1_4=1; P1_5=1; P1_6=0; P1_7=1; break;
  36   2              case 4: P1_4=1; P1_5=1; P1_6=1; P1_7=0; break;
  37   2          }
  38   1          P0 = NixieTable[Number];  // 段码输出
  39   1          Delay(1);                  // 显示一段时间
  40   1          P0 = 0x00;                 // 清零消影
  41   1      }
  42          
  43          //----------------------定时器初始化----------------------
  44          void timer_init(void)
  45          {
  46   1          // Timer0 用作外部计数
  47   1          TMOD &= 0xF0; // 清零低4位
  48   1          TMOD |= 0x05; // Timer0，模式1（16位计数器）
  49   1          TH0 = 0;
  50   1          TL0 = 0;
  51   1          TR0 = 1;      // 启动计数器0
  52   1          ET0 = 1;      // 开启 Timer0 中断
  53   1      
  54   1          // Timer2 用作1秒定时
C51 COMPILER V9.60.7.0   MAIN                                                              10/26/2025 14:55:56 PAGE 2   

  55   1          RCAP2H = (65536-62500)/256; // 12MHz晶振，每次62.5ms
  56   1          RCAP2L = (65536-62500)%256;
  57   1          TH2 = RCAP2H;
  58   1          TL2 = RCAP2L;
  59   1          TR2 = 1;
  60   1          ET2 = 1;
  61   1      
  62   1          EA = 1; // 开总中断
  63   1      }
  64          
  65          //----------------------Timer2中断，每62.5ms----------------------
  66          void timer2(void) interrupt 5
  67          {
  68   1          TF2 = 0;
  69   1          time++;
  70   1          if(time == 16) // 16*62.5ms ≈ 1s
  71   1          {
  72   2              time = 0;
  73   2      
  74   2              TR0 = 0; // 停止计数
  75   2              fre = (unsigned long)count * 65536 + ((TH0 << 8) | TL0); // 读取频率
  76   2              count = 0;
  77   2              TH0 = 0; TL0 = 0; // 清零计数器
  78   2              TR0 = 1; // 重新启动计数器
  79   2          }
  80   1      }
  81          
  82          //----------------------Timer0中断（溢出）----------------------
  83          void timer0(void) interrupt 1
  84          {
  85   1          count++; // 溢出次数累加
  86   1      }
  87          
  88          //----------------------主函数----------------------
  89          void main()
  90          {
  91   1          timer_init(); // 初始化定时器
  92   1      
  93   1          while(1)
  94   1          {
  95   2              // 四位数码管显示频率（千、百、十、个位）
  96   2              Nixie(1, fre / 1000 % 10); // 千位
  97   2              Nixie(2, fre / 100 % 10);  // 百位
  98   2              Nixie(3, fre / 10 % 10);   // 十位
  99   2              Nixie(4, fre % 10);        // 个位
 100   2          }
 101   1      }


MODULE INFORMATION:   STATIC OVERLAYABLE
   CODE SIZE        =    409    ----
   CONSTANT SIZE    =   ----    ----
   XDATA SIZE       =   ----    ----
   PDATA SIZE       =   ----    ----
   DATA SIZE        =     17    ----
   IDATA SIZE       =   ----    ----
   BIT SIZE         =   ----    ----
END OF MODULE INFORMATION.


C51 COMPILATION COMPLETE.  0 WARNING(S),  0 ERROR(S)
